c:\users\nik\source\repos\polynomial\x64\debug\vc142.pdb
c:\users\nik\source\repos\polynomial\x64\debug\vc142.idb
c:\users\nik\source\repos\polynomial\x64\debug\widgetcomponent.obj
c:\users\nik\source\repos\polynomial\x64\debug\widget.obj
c:\users\nik\source\repos\polynomial\x64\debug\textfield.obj
c:\users\nik\source\repos\polynomial\x64\debug\textbox.obj
c:\users\nik\source\repos\polynomial\x64\debug\renderinterface.obj
c:\users\nik\source\repos\polynomial\x64\debug\main.obj
c:\users\nik\source\repos\polynomial\x64\debug\list.obj
c:\users\nik\source\repos\polynomial\x64\debug\clikedinterface.obj
c:\users\nik\source\repos\polynomial\x64\debug\button.obj
c:\users\nik\source\repos\polynomial\x64\debug\glad.obj
c:\users\nik\source\repos\polynomial\x64\debug\polynommainwidget.obj
c:\users\nik\source\repos\polynomial\x64\debug\polynom.obj
c:\users\nik\source\repos\polynomial\x64\debug\monom.obj
c:\users\nik\source\repos\polynomial\x64\debug\character.obj
c:\users\nik\source\repos\polynomial\x64\debug\inputhandler.obj
c:\users\nik\source\repos\polynomial\x64\debug\cringeapi.exe
c:\users\nik\source\repos\polynomial\x64\debug\cringeapi.ilk
c:\users\nik\source\repos\polynomial\x64\debug\cringeapi.pdb
c:\users\nik\source\repos\polynomial\x64\debug\strings.obj
c:\users\nik\source\repos\polynomial\x64\debug\inputhandler.obj.enc
c:\users\nik\source\repos\polynomial\x64\debug\main.obj.enc
c:\users\nik\source\repos\polynomial\x64\debug\polynommainwidget.obj.enc
c:\users\nik\source\repos\polynomial\x64\debug\text editor.ilk
c:\users\nik\source\repos\polynomial\x64\debug\text editor.pdb
c:\users\nik\source\repos\polynomial\x64\debug\cringeapi.tlog\cl.command.1.tlog
c:\users\nik\source\repos\polynomial\x64\debug\cringeapi.tlog\cl.read.1.tlog
c:\users\nik\source\repos\polynomial\x64\debug\cringeapi.tlog\cl.write.1.tlog
c:\users\nik\source\repos\polynomial\x64\debug\cringeapi.tlog\link.command.1.tlog
c:\users\nik\source\repos\polynomial\x64\debug\cringeapi.tlog\link.read.1.tlog
c:\users\nik\source\repos\polynomial\x64\debug\cringeapi.tlog\link.write.1.tlog
